<?xml version="1.0" encoding="UTF-8"?><testsuite errors="0" failures="1" name="C07 f01 s002 request service catalog item" skipped="0" tests="1" time="77.98" timestamp="2017-11-305 04:37:08"><testcase name="C07-F01-S002-01 Request Service Catalog Item and Approve it"><failure type="java.lang.AssertionError"/><system-err>null
com.hpe.itsma.stepdifinitions.propel.OrderStepDefinition.checkServiceRequest(OrderStepDefinition.java:70)
</system-err></testcase></testsuite>