<?xml version="1.0" encoding="UTF-8"?><testsuite errors="0" failures="0" name="C04 f00 s01 authentication internal user" skipped="0" tests="3" time="3.59" timestamp="2017-11-305 04:32:30"><testcase name="C04-F00-S01-01 internal oldap user with valid login credential should get valid LWSSO_COOKIE_KEY"/><testcase name="C04-F00-S01-03 internal sysadmin with valid login credential should get valid LWSSO_COOKIE_KEY"/><testcase name="C04-F00-S01-05 internal oldap user with valid credential can access idm service"/></testsuite>