<?xml version="1.0" encoding="UTF-8"?><testsuite errors="1" failures="0" name="C06 f01 s001 check integrationpoint status" skipped="0" tests="1" time="127.27" timestamp="2017-10-303 04:14:20"><testcase name="C06-F01-S001-01 Check SM integration ponit status"><error message="Connection timed out (Connection timed out)" type="java.net.ConnectException">Connection timed out (Connection timed out)</error><system-err>Connection timed out (Connection timed out)
org.apache.http.conn.scheme.PlainSocketFactory.connectSocket(PlainSocketFactory.java:120)
org.apache.http.impl.conn.DefaultClientConnectionOperator.openConnection(DefaultClientConnectionOperator.java:179)
org.apache.http.impl.conn.ManagedClientConnectionImpl.open(ManagedClientConnectionImpl.java:328)
org.apache.http.impl.client.DefaultRequestDirector.tryConnect(DefaultRequestDirector.java:612)
org.apache.http.impl.client.DefaultRequestDirector.execute(DefaultRequestDirector.java:447)
org.apache.http.impl.client.AbstractHttpClient.doExecute(AbstractHttpClient.java:884)
org.apache.http.impl.client.CloseableHttpClient.execute(CloseableHttpClient.java:82)
org.apache.http.impl.client.CloseableHttpClient.execute(CloseableHttpClient.java:55)
io.restassured.internal.http.HTTPBuilder.post(HTTPBuilder.java:349)
io.restassured.internal.RequestSpecificationImpl.sendRequest(RequestSpecificationImpl.groovy:1269)
groovy.lang.MetaMethod.doMethodInvoke(MetaMethod.java:325)
groovy.lang.MetaClassImpl.invokeMethod(MetaClassImpl.java:1210)
groovy.lang.MetaClassImpl.invokeMethod(MetaClassImpl.java:1019)
groovy.lang.MetaClassImpl.invokeMethod(MetaClassImpl.java:810)
io.restassured.internal.RequestSpecificationImpl.invokeMethod(RequestSpecificationImpl.groovy)
io.restassured.internal.filter.SendRequestFilter.filter(SendRequestFilter.groovy:30)
io.restassured.internal.filter.FilterContextImpl.next(FilterContextImpl.groovy:72)
io.restassured.filter.time.TimingFilter.filter(TimingFilter.java:56)
io.restassured.internal.filter.FilterContextImpl.next(FilterContextImpl.groovy:72)
io.restassured.internal.RequestSpecificationImpl.applyPathParamsAndSendRequest(RequestSpecificationImpl.groovy:1722)
groovy.lang.MetaMethod.doMethodInvoke(MetaMethod.java:325)
groovy.lang.MetaClassImpl.invokeMethod(MetaClassImpl.java:1210)
groovy.lang.MetaClassImpl.invokeMethod(MetaClassImpl.java:1019)
groovy.lang.MetaClassImpl.invokeMethod(MetaClassImpl.java:810)
io.restassured.internal.RequestSpecificationImpl.invokeMethod(RequestSpecificationImpl.groovy)
io.restassured.internal.RequestSpecificationImpl.applyPathParamsAndSendRequest(RequestSpecificationImpl.groovy:1728)
groovy.lang.MetaMethod.doMethodInvoke(MetaMethod.java:325)
groovy.lang.MetaClassImpl.invokeMethod(MetaClassImpl.java:1210)
groovy.lang.MetaClassImpl.invokeMethod(MetaClassImpl.java:1019)
groovy.lang.MetaClassImpl.invokeMethod(MetaClassImpl.java:810)
io.restassured.internal.RequestSpecificationImpl.invokeMethod(RequestSpecificationImpl.groovy)
io.restassured.internal.RequestSpecificationImpl.post(RequestSpecificationImpl.groovy:172)
io.restassured.internal.RequestSpecificationImpl.post(RequestSpecificationImpl.groovy)
com.hpe.itsma.steps.cmdb.LoginSteps.loginUCMDB(LoginSteps.java:42)
com.hpe.itsma.steps.cmdb.IntegrationSteps.getIntegrationPoints(IntegrationSteps.java:30)
</system-err></testcase></testsuite>