<?xml version="1.0" encoding="UTF-8"?><testsuite errors="1" failures="0" name="C08 f01 s002 get offering list" skipped="0" tests="1" time="21.31" timestamp="2017-10-295 04:40:02"><testcase name="C08-F01-S002-01 Test get offering list belongs to catalog"><error message="Failed to parse the JSON document" type="io.restassured.path.json.exception.JsonPathException">Failed to parse the JSON document</error><system-err>Failed to parse the JSON document
io.restassured.path.json.JsonPath.get(JsonPath.java:201)
com.hpe.itsma.steps.saw.CatalogSteps.getCatalogId(CatalogSteps.java:57)
com.hpe.itsma.stepdifinitions.saw.CatalogStepDefinition.selectCatalog(CatalogStepDefinition.java:50)
</system-err></testcase></testsuite>