<?xml version="1.0" encoding="UTF-8"?><testsuite errors="1" failures="0" name="C08 f01 s007 get article list" skipped="0" tests="1" time="0.71" timestamp="2017-10-295 04:40:29"><testcase name="C08-F01-S007-01 Test get article"><error message="Failed to parse the JSON document" type="io.restassured.path.json.exception.JsonPathException">Failed to parse the JSON document</error><system-err>Failed to parse the JSON document
io.restassured.path.json.JsonPath.get(JsonPath.java:201)
com.hpe.itsma.steps.saw.CatalogSteps.getCatalogId(CatalogSteps.java:57)
com.hpe.itsma.stepdifinitions.saw.CatalogStepDefinition.selectCatalog(CatalogStepDefinition.java:50)
</system-err></testcase></testsuite>