<?xml version="1.0" encoding="UTF-8"?><testsuite errors="0" failures="3" name="C08 f04 s001 auto suggested search" skipped="0" tests="3" time="1.45" timestamp="2017-10-295 04:14:28"><testcase name="C08-F04-S001-01 Test auto suggested search only article and news"><failure message="Get auto search successfully expected:&lt;200&gt; but was:&lt;500&gt;" type="java.lang.AssertionError">Get auto search successfully expected:&lt;200&gt; but was:&lt;500&gt;</failure><system-err>Get auto search successfully expected:&lt;200&gt; but was:&lt;500&gt;
com.hpe.itsma.stepdifinitions.saw.SearchStepDefinition.getAutoSearchedKmWithConfig(SearchStepDefinition.java:33)
</system-err></testcase><testcase name="C08-F04-S001-02 Test auto suggested search only service offering"><failure message="Get auto search successfully expected:&lt;200&gt; but was:&lt;500&gt;" type="java.lang.AssertionError">Get auto search successfully expected:&lt;200&gt; but was:&lt;500&gt;</failure><system-err>Get auto search successfully expected:&lt;200&gt; but was:&lt;500&gt;
com.hpe.itsma.stepdifinitions.saw.SearchStepDefinition.getAutoSearchedServiceWithConfig(SearchStepDefinition.java:46)
</system-err></testcase><testcase name="C08-F04-S001-03 Test auto suggested search only support offering"><failure message="Get auto search successfully expected:&lt;200&gt; but was:&lt;500&gt;" type="java.lang.AssertionError">Get auto search successfully expected:&lt;200&gt; but was:&lt;500&gt;</failure><system-err>Get auto search successfully expected:&lt;200&gt; but was:&lt;500&gt;
com.hpe.itsma.stepdifinitions.saw.SearchStepDefinition.getAutoSearchedSupportWithConfig(SearchStepDefinition.java:59)
</system-err></testcase></testsuite>